<?xml version="1.0" encoding="UTF-8"?>
<!-- Generated by org.testng.reporters.JUnitXMLReporter -->
<testsuite ignored="4" hostname="NP2008" failures="0" tests="1" name="Default test" time="25.292" errors="0" timestamp="2022-10-21T23:44:59 EDT">
  <testcase classname="com.test.tekarchapitest.APitestEndtoEnd" name="TC2getUserDetails" time="24.195"/>
  <testcase classname="com.test.tekarchapitest.APitestEndtoEnd" name="TC1loginToTekarch" time="0.0">
    <ignored/>
  </testcase> <!-- TC1loginToTekarch -->
  <testcase classname="com.test.tekarchapitest.APitestEndtoEnd" name="TC5deleteUserInfo" time="0.0">
    <ignored/>
  </testcase> <!-- TC5deleteUserInfo -->
  <testcase classname="com.test.tekarchapitest.APitestEndtoEnd" name="TC4updateUSerDetails" time="0.0">
    <ignored/>
  </testcase> <!-- TC4updateUSerDetails -->
  <testcase classname="com.test.tekarchapitest.APitestEndtoEnd" name="TC3createUSerDetails" time="0.0">
    <ignored/>
  </testcase> <!-- TC3createUSerDetails -->
</testsuite> <!-- Default test -->
