<?xml version="1.0" encoding="UTF-8"?>
<!-- Generated by org.testng.reporters.JUnitXMLReporter -->
<testsuite ignored="0" hostname="NP2008" failures="0" tests="5" name="Test" time="36.325" errors="0" timestamp="2022-10-22T00:26:05 EDT">
  <testcase classname="com.test.tekarchapitest.APitestEndtoEnd" name="TC1loginToTekarch" time="1.359"/>
  <testcase classname="com.test.tekarchapitest.APitestEndtoEnd" name="TC2getUserDetails" time="24.076"/>
  <testcase classname="com.test.tekarchapitest.APitestEndtoEnd" name="TC3createUSerDetails" time="2.767"/>
  <testcase classname="com.test.tekarchapitest.APitestEndtoEnd" name="TC4updateUSerDetails" time="4.303"/>
  <testcase classname="com.test.tekarchapitest.APitestEndtoEnd" name="TC5deleteUserInfo" time="2.733"/>
</testsuite> <!-- Test -->
